[2026-02-14T03:39:37.458885Z] Loaded secret from DB: SECRET_KEY
[2026-02-14T03:39:37.464211Z] Loaded secret from DB: SESSION_SECRET_KEY
[2026-02-14T03:39:37.468676Z] Loaded secret from DB: ENCRYPTION_KEY
[2026-02-14T03:39:37.470699Z] Loaded secret from DB: DATA_ENCRYPTION_KEY
[2026-02-14T03:39:37.472176Z] Runtime secret sync complete: loaded=4, created_in_db=0
[2026-02-14T03:39:46.840790Z] Runtime secret sync complete: loaded=4, created_in_db=0, missing=0
[2026-02-14T03:44:47.924641Z] Runtime secret sync complete: loaded=4, created_in_db=0, missing=0
[2026-02-14T03:45:22.084091Z] Runtime secret sync complete: loaded=4, created_in_db=0, missing=0
[2026-02-14T03:47:27.608261Z] Runtime secret sync complete: loaded=4, created_in_db=0, missing=0
[2026-02-14T04:00:47.521280Z] Runtime secret sync complete: loaded=4, created_in_db=0, missing=0
[2026-02-14T04:01:03.458537Z] Runtime secret sync complete: loaded=4, created_in_db=0, missing=0
[2026-02-14T04:01:14.863855Z] Runtime secret sync complete: loaded=4, created_in_db=0, missing=0
[2026-02-14T04:03:14.613313Z] Runtime secret sync complete: loaded=4, created_in_db=0, missing=0
[2026-02-14T04:04:42.223039Z] Runtime secret sync complete: loaded=4, created_in_db=0, missing=0
[2026-02-14T04:05:03.257672Z] Runtime secret sync complete: loaded=4, created_in_db=0, missing=0
[2026-02-14T04:06:30.107616Z] Runtime secret sync complete: loaded=4, created_in_db=0, missing=0
[2026-02-14T04:08:12.742015Z] Runtime secret sync complete: loaded=4, created_in_db=0, missing=0
[2026-02-14T04:10:53.504302Z] Runtime secret sync complete: loaded=4, created_in_db=0, missing=0
[2026-02-14T04:13:11.858659Z] Runtime secret sync complete: loaded=4, created_in_db=0, missing=0
[2026-02-14T06:12:33.132155Z] Runtime secret sync complete: loaded=4, created_in_db=0, missing=0
[2026-02-14T06:16:08.431179Z] Runtime secret sync complete: loaded=4, created_in_db=0, missing=0
[2026-02-14T06:17:42.893220Z] Runtime secret sync complete: loaded=4, created_in_db=0, missing=0
[2026-02-14T06:18:09.501926Z] Runtime secret sync complete: loaded=4, created_in_db=0, missing=0
[2026-02-14T06:30:40.754434Z] Runtime secret sync complete: loaded=4, created_in_db=0, missing=0
[2026-02-14T06:33:50.678923Z] Runtime secret sync complete: loaded=4, created_in_db=0, missing=0
[2026-02-14T06:38:43.229817Z] Runtime secret sync complete: loaded=4, created_in_db=0, missing=0
[2026-02-14T06:38:48.913242Z] Runtime secret sync complete: loaded=4, created_in_db=0, missing=0
[2026-02-14T06:39:09.052553Z] Runtime secret sync complete: loaded=4, created_in_db=0, missing=0
[2026-02-14T06:42:42.886237Z] Runtime secret sync complete: loaded=4, created_in_db=0, missing=0
[2026-02-14T06:43:38.266018Z] Runtime secret sync complete: loaded=4, created_in_db=0, missing=0
[2026-02-14T06:43:53.081789Z] Runtime secret sync complete: loaded=4, created_in_db=0, missing=0
[2026-02-14T06:46:19.248021Z] Runtime secret sync complete: loaded=4, created_in_db=0, missing=0
[2026-02-14T06:48:22.639353Z] Runtime secret sync complete: loaded=4, created_in_db=0, missing=0
[2026-02-14T06:52:26.384357Z] Runtime secret sync complete: loaded=4, created_in_db=0, missing=0
[2026-02-14T06:54:34.022265Z] Runtime secret sync complete: loaded=4, created_in_db=0, missing=0
[2026-02-14T07:11:09.707060Z] Runtime secret sync complete: loaded=4, created_in_db=0, missing=0
[2026-02-14T07:11:43.731286Z] Runtime secret sync complete: loaded=4, created_in_db=0, missing=0
[2026-02-14T07:15:09.791416Z] Runtime secret sync complete: loaded=4, created_in_db=0, missing=0
[2026-02-14T07:20:06.652400Z] Runtime secret sync complete: loaded=4, created_in_db=0, missing=0
[2026-02-14T07:24:53.065544Z] Runtime secret sync complete: loaded=4, created_in_db=0, missing=0
[2026-02-14T07:29:38.605114Z] Runtime secret sync complete: loaded=4, created_in_db=0, missing=0
[2026-02-14T07:30:00.862163Z] Runtime secret sync complete: loaded=4, created_in_db=0, missing=0
[2026-02-14T07:32:10.475953Z] Runtime secret sync complete: loaded=4, created_in_db=0, missing=0
[2026-02-14T07:39:07.808241Z] Runtime secret sync complete: loaded=4, created_in_db=0, missing=0
[2026-02-14T07:39:13.587314Z] Runtime secret sync complete: loaded=4, created_in_db=0, missing=0
[2026-02-14T10:13:27.617443Z] Runtime secret sync complete: loaded=4, created_in_db=0, missing=0
[2026-02-14T15:46:42.386180Z] Runtime secret sync complete: loaded=4, created_in_db=0, missing=0
[2026-02-14T15:49:02.733501Z] Runtime secret sync complete: loaded=4, created_in_db=0, missing=0
[2026-02-14T15:49:11.716179Z] Runtime secret sync complete: loaded=4, created_in_db=0, missing=0
[2026-02-14T15:51:52.260498Z] Runtime secret sync complete: loaded=4, created_in_db=0, missing=0
[2026-02-14T15:52:01.357449Z] Runtime secret sync complete: loaded=4, created_in_db=0, missing=0
